Дата и время вызова функции: 2024-02-01 00:11:59.127549,
имя функции: hello_world, 
аргументы функции: args - (), kwargs - {},
возвращаемое значение: Hello World 

Дата и время вызова функции: 2024-02-01 00:11:59.128552,
имя функции: summator, 
аргументы функции: args - (2, 2), kwargs - {},
возвращаемое значение: 4 

Дата и время вызова функции: 2024-02-01 00:11:59.128552,
имя функции: div, 
аргументы функции: args - (6, 2), kwargs - {},
возвращаемое значение: 3.0 

Дата и время вызова функции: 2024-02-01 00:11:59.129552,
имя функции: summator, 
аргументы функции: args - (4.3,), kwargs - {'b': 2.2},
возвращаемое значение: 6.5 

Дата и время вызова функции: 2024-02-01 00:11:59.130551,
имя функции: summator, 
аргументы функции: args - (), kwargs - {'a': 0, 'b': 0},
возвращаемое значение: 0 

